<?xml version="1.0" encoding="UTF-8"?>
<!-- Generated by org.testng.reporters.JUnitReportReporter -->
<testsuite name="com.abc.tests.test1" tests="1" time="19.282" ignored="0" failures="0" timestamp="17 Feb 2017 02:06:17 GMT" skipped="0" hostname="LAPTOP-6FVDA6L8" errors="0">
  <testcase name="verifyRadioProgramSubMenuNavigation" time="19.282" classname="com.abc.tests.test1"/>
</testsuite> <!-- com.abc.tests.test1 -->
