<?xml version="1.0" encoding="UTF-8"?>
<!-- Generated by org.testng.reporters.JUnitReportReporter -->
<testsuite name="com.abc.tests.JsonTest" tests="1" time="7.206" ignored="0" failures="0" timestamp="17 Feb 2017 04:34:04 GMT" skipped="0" hostname="LAPTOP-6FVDA6L8" errors="0">
  <testcase name="verifyJsonOutput" time="7.206" classname="com.abc.tests.JsonTest"/>
</testsuite> <!-- com.abc.tests.JsonTest -->
